<?xml version="1.0" encoding="UTF-8"?>
<!-- Generated by org.testng.reporters.JUnitXMLReporter -->
<testsuite ignored="0" hostname="LAPTOP-OSR87BJ4" failures="0" tests="3" name="ChromeTest" time="41.689" errors="0" timestamp="2025-06-19T17:03:13 IST">
  <testcase classname="tests.testcase1" name="verifyTheValueofHighAndLowInLast52WeeksForAnyStocksOfNiftyFifty" time="6.902"/>
  <testcase classname="tests.testcase1" name="verifyTheValueofHighAndLowInLast52WeeksForRelianceCom" time="10.356"/>
  <testcase classname="tests.testcase1" name="verifyTheValueofHighAndLowInLast52WeeksForStockTataMotors" time="8.117"/>
</testsuite> <!-- ChromeTest -->
