<?xml version="1.0" encoding="UTF-8"?>
<!-- Generated by org.testng.reporters.JUnitXMLReporter -->
<testsuite ignored="0" hostname="441449f7a19c5f6" failures="0" tests="5" name="EdgeTest" time="158.803" errors="0" timestamp="2025-06-19T18:53:23 IST">
  <testcase classname="tests.testcase1" name="verifyTheValueofHighAndLowInLast52WeeksForAnyStocksOfNiftyFifty" time="16.416">
    <skipped/>
  </testcase> <!-- verifyTheValueofHighAndLowInLast52WeeksForAnyStocksOfNiftyFifty -->
  <testcase classname="tests.testcase1" name="verifyTheValueofHighAndLowInLast52WeeksForAnyStocksOfNiftyFifty" time="15.741"/>
  <testcase classname="tests.testcase1" name="verifyTheValueofHighAndLowInLast52WeeksForRelianceCom" time="12.887"/>
  <testcase classname="tests.testcase1" name="verifyTheValueofHighAndLowInLast52WeeksForStockTataMotors" time="12.719">
    <skipped/>
  </testcase> <!-- verifyTheValueofHighAndLowInLast52WeeksForStockTataMotors -->
  <testcase classname="tests.testcase1" name="verifyTheValueofHighAndLowInLast52WeeksForStockTataMotors" time="12.017"/>
</testsuite> <!-- EdgeTest -->
