<?xml version="1.0" encoding="UTF-8"?>
<!-- Generated by org.testng.reporters.JUnitXMLReporter -->
<testsuite ignored="0" hostname="LAPTOP-OSR87BJ4" failures="1" tests="4" name="FireFoxTest" time="18.436" errors="0" timestamp="2025-06-19T17:03:31 IST">
  <testcase classname="tests.testcase1" name="verifyTheValueofHighAndLowInLast52WeeksForAnyStocksOfNiftyFifty" time="0.649">
    <skipped/>
  </testcase> <!-- verifyTheValueofHighAndLowInLast52WeeksForAnyStocksOfNiftyFifty -->
  <testcase classname="tests.testcase1" name="verifyTheValueofHighAndLowInLast52WeeksForAnyStocksOfNiftyFifty" time="0.539">
    <failure type="java.lang.AssertionError" message="expected [https://www.nseindia.com/index-tracker/NIFTY%2050] but found [about:blank]">
      <![CDATA[java.lang.AssertionError: expected [https://www.nseindia.com/index-tracker/NIFTY%2050] but found [about:blank]
at pageEvents.NiftyFiftyPageEvents.verifyNiftyFiftyUrl(NiftyFiftyPageEvents.java:28)
at tests.testcase1.verifyTheValueofHighAndLowInLast52WeeksForAnyStocksOfNiftyFifty(testcase1.java:72)
at java.base/java.util.ArrayList.forEach(ArrayList.java:1597)
... Removed 31 stack frames]]>
    </failure>
  </testcase> <!-- verifyTheValueofHighAndLowInLast52WeeksForAnyStocksOfNiftyFifty -->
  <testcase classname="tests.testcase1" name="verifyTheValueofHighAndLowInLast52WeeksForRelianceCom" time="0.0">
    <skipped/>
  </testcase> <!-- verifyTheValueofHighAndLowInLast52WeeksForRelianceCom -->
  <testcase classname="tests.testcase1" name="verifyTheValueofHighAndLowInLast52WeeksForStockTataMotors" time="0.0">
    <skipped/>
  </testcase> <!-- verifyTheValueofHighAndLowInLast52WeeksForStockTataMotors -->
</testsuite> <!-- FireFoxTest -->
