<?xml version="1.0" encoding="UTF-8"?>
<!-- Generated by org.testng.reporters.JUnitXMLReporter -->
<testsuite ignored="0" hostname="LAPTOP-OSR87BJ4" failures="0" tests="3" name="Test" time="34.334" errors="0" timestamp="2025-06-19T16:33:41 IST">
  <testcase classname="tests.testcase1" name="verifyTheValueofHighAndLowInLast52WeeksForAnyStocksOfNiftyFifty" time="8.858"/>
  <testcase classname="tests.testcase1" name="verifyTheValueofHighAndLowInLast52WeeksForRelianceCom" time="4.848"/>
  <testcase classname="tests.testcase1" name="verifyTheValueofHighAndLowInLast52WeeksForStockTataMotors" time="6.571"/>
</testsuite> <!-- Test -->
